<?xml version="1.0" encoding="UTF-8" standalone="no"?>
<testsuite errors="0" failures="0" name="io.cucumber.core.plugin.JUnitFormatter" skipped="0" tests="1" time="62.032">
    <testcase classname="Uploading different types of files" name="User can upload only one file" time="61.396">
        <system-out>
            <![CDATA[Given user is on the homepage of the application............................passed
When user uploads only one file.............................................passed
And user clicks view all button.............................................passed
Then user should be able to see the uploaded file there.....................passed
]]>
        </system-out>
    </testcase>
</testsuite>
