<?xml version="1.0" encoding="UTF-8" standalone="no"?>
<testsuite errors="0" failures="0" name="io.cucumber.core.plugin.JUnitFormatter" skipped="0" tests="1" time="77.431">
    <testcase classname="Uploading different types of files" name="User can upload multiple files" time="77.084">
        <system-out>
            <![CDATA[Given user is on the homepage of the application............................passed
When user uploads different files at the same time..........................passed
And user clicks view all button.............................................passed
]]>
        </system-out>
    </testcase>
</testsuite>
